<?xml version="1.0" encoding="UTF-8"?>
<testsuite xmlns:xsi="http://www.w3.org/2001/XMLSchema-instance" xsi:noNamespaceSchemaLocation="https://maven.apache.org/surefire/maven-surefire-plugin/xsd/surefire-test-report-3.0.xsd" version="3.0" name="TestRunner" time="74.963" tests="1" errors="0" skipped="0" failures="0">
  <properties>
    <property name="sun.desktop" value="gnome"/>
    <property name="awt.toolkit" value="sun.awt.X11.XToolkit"/>
    <property name="java.specification.version" value="11"/>
    <property name="sun.cpu.isalist" value=""/>
    <property name="sun.jnu.encoding" value="UTF-8"/>
    <property name="java.class.path" value="/home/salhi/eclipse-workspace/frameworkSeleniumBDD/target/test-classes:/home/salhi/eclipse-workspace/frameworkSeleniumBDD/target/classes:/home/salhi/.m2/repository/junit/junit/4.11/junit-4.11.jar:/home/salhi/.m2/repository/org/hamcrest/hamcrest-core/1.3/hamcrest-core-1.3.jar:/home/salhi/.m2/repository/io/cucumber/cucumber-java/7.2.3/cucumber-java-7.2.3.jar:/home/salhi/.m2/repository/org/apiguardian/apiguardian-api/1.1.2/apiguardian-api-1.1.2.jar:/home/salhi/.m2/repository/io/cucumber/cucumber-junit/7.2.3/cucumber-junit-7.2.3.jar:/home/salhi/.m2/repository/io/cucumber/cucumber-core/7.2.3/cucumber-core-7.2.3.jar:/home/salhi/.m2/repository/io/cucumber/cucumber-gherkin/7.2.3/cucumber-gherkin-7.2.3.jar:/home/salhi/.m2/repository/io/cucumber/cucumber-gherkin-messages/7.2.3/cucumber-gherkin-messages-7.2.3.jar:/home/salhi/.m2/repository/io/cucumber/messages/17.1.1/messages-17.1.1.jar:/home/salhi/.m2/repository/io/cucumber/tag-expressions/4.1.0/tag-expressions-4.1.0.jar:/home/salhi/.m2/repository/io/cucumber/cucumber-expressions/15.0.1/cucumber-expressions-15.0.1.jar:/home/salhi/.m2/repository/io/cucumber/datatable/7.2.3/datatable-7.2.3.jar:/home/salhi/.m2/repository/io/cucumber/cucumber-plugin/7.2.3/cucumber-plugin-7.2.3.jar:/home/salhi/.m2/repository/io/cucumber/docstring/7.2.3/docstring-7.2.3.jar:/home/salhi/.m2/repository/io/cucumber/html-formatter/17.0.0/html-formatter-17.0.0.jar:/home/salhi/.m2/repository/io/cucumber/ci-environment/8.1.0/ci-environment-8.1.0.jar:/home/salhi/.m2/repository/io/cucumber/cucumber-html/0.2.7/cucumber-html-0.2.7.jar:/home/salhi/.m2/repository/io/cucumber/cucumber-jvm-deps/1.0.6/cucumber-jvm-deps-1.0.6.jar:/home/salhi/.m2/repository/org/seleniumhq/selenium/selenium-java/3.141.0/selenium-java-3.141.0.jar:/home/salhi/.m2/repository/org/seleniumhq/selenium/selenium-api/3.141.0/selenium-api-3.141.0.jar:/home/salhi/.m2/repository/org/seleniumhq/selenium/selenium-chrome-driver/3.141.0/selenium-chrome-driver-3.141.0.jar:/home/salhi/.m2/repository/org/seleniumhq/selenium/selenium-edge-driver/3.141.0/selenium-edge-driver-3.141.0.jar:/home/salhi/.m2/repository/org/seleniumhq/selenium/selenium-firefox-driver/3.141.0/selenium-firefox-driver-3.141.0.jar:/home/salhi/.m2/repository/org/seleniumhq/selenium/selenium-ie-driver/3.141.0/selenium-ie-driver-3.141.0.jar:/home/salhi/.m2/repository/org/seleniumhq/selenium/selenium-opera-driver/3.141.0/selenium-opera-driver-3.141.0.jar:/home/salhi/.m2/repository/org/seleniumhq/selenium/selenium-remote-driver/3.141.0/selenium-remote-driver-3.141.0.jar:/home/salhi/.m2/repository/org/seleniumhq/selenium/selenium-safari-driver/3.141.0/selenium-safari-driver-3.141.0.jar:/home/salhi/.m2/repository/org/seleniumhq/selenium/selenium-support/3.141.0/selenium-support-3.141.0.jar:/home/salhi/.m2/repository/net/bytebuddy/byte-buddy/1.8.15/byte-buddy-1.8.15.jar:/home/salhi/.m2/repository/org/apache/commons/commons-exec/1.3/commons-exec-1.3.jar:/home/salhi/.m2/repository/com/google/guava/guava/25.0-jre/guava-25.0-jre.jar:/home/salhi/.m2/repository/com/google/code/findbugs/jsr305/1.3.9/jsr305-1.3.9.jar:/home/salhi/.m2/repository/org/checkerframework/checker-compat-qual/2.0.0/checker-compat-qual-2.0.0.jar:/home/salhi/.m2/repository/com/google/errorprone/error_prone_annotations/2.1.3/error_prone_annotations-2.1.3.jar:/home/salhi/.m2/repository/com/google/j2objc/j2objc-annotations/1.1/j2objc-annotations-1.1.jar:/home/salhi/.m2/repository/org/codehaus/mojo/animal-sniffer-annotations/1.14/animal-sniffer-annotations-1.14.jar:/home/salhi/.m2/repository/com/squareup/okhttp3/okhttp/3.11.0/okhttp-3.11.0.jar:/home/salhi/.m2/repository/com/squareup/okio/okio/1.14.0/okio-1.14.0.jar:/home/salhi/.m2/repository/tech/grasshopper/extentreports-cucumber7-adapter/1.2.0/extentreports-cucumber7-adapter-1.2.0.jar:/home/salhi/.m2/repository/com/aventstack/extentreports/5.0.9/extentreports-5.0.9.jar:/home/salhi/.m2/repository/io/reactivex/rxjava3/rxjava/3.0.4/rxjava-3.0.4.jar:/home/salhi/.m2/repository/org/reactivestreams/reactive-streams/1.0.3/reactive-streams-1.0.3.jar:/home/salhi/.m2/repository/org/freemarker/freemarker/2.3.30/freemarker-2.3.30.jar:/home/salhi/.m2/repository/org/projectlombok/lombok/1.18.12/lombok-1.18.12.jar:/home/salhi/.m2/repository/tech/grasshopper/extent-pdf-report/1.7.4/extent-pdf-report-1.7.4.jar:/home/salhi/.m2/repository/tech/grasshopper/cucumber-pdf-report/2.2.4/cucumber-pdf-report-2.2.4.jar:/home/salhi/.m2/repository/org/apache/pdfbox/pdfbox/2.0.22/pdfbox-2.0.22.jar:/home/salhi/.m2/repository/org/apache/pdfbox/fontbox/2.0.22/fontbox-2.0.22.jar:/home/salhi/.m2/repository/org/knowm/xchart/xchart/3.8.0/xchart-3.8.0.jar:/home/salhi/.m2/repository/de/erichseifert/vectorgraphics2d/VectorGraphics2D/0.13/VectorGraphics2D-0.13.jar:/home/salhi/.m2/repository/de/rototor/pdfbox/graphics2d/0.30/graphics2d-0.30.jar:/home/salhi/.m2/repository/com/madgag/animated-gif-lib/1.4/animated-gif-lib-1.4.jar:/home/salhi/.m2/repository/org/yaml/snakeyaml/1.28/snakeyaml-1.28.jar:/home/salhi/.m2/repository/tech/grasshopper/table-layout/1.2.0/table-layout-1.2.0.jar:/home/salhi/.m2/repository/com/aventstack/klov-reporter/5.0.9/klov-reporter-5.0.9.jar:/home/salhi/.m2/repository/org/mongodb/mongodb-driver/3.6.4/mongodb-driver-3.6.4.jar:/home/salhi/.m2/repository/org/mongodb/mongodb-driver-core/3.6.4/mongodb-driver-core-3.6.4.jar:/home/salhi/.m2/repository/org/mongodb/bson/3.6.4/bson-3.6.4.jar:/home/salhi/.m2/repository/org/apache/httpcomponents/httpclient/4.5.13/httpclient-4.5.13.jar:/home/salhi/.m2/repository/org/apache/httpcomponents/httpcore/4.4.13/httpcore-4.4.13.jar:/home/salhi/.m2/repository/commons-logging/commons-logging/1.2/commons-logging-1.2.jar:/home/salhi/.m2/repository/org/apache/httpcomponents/httpmime/4.5.13/httpmime-4.5.13.jar:/home/salhi/.m2/repository/tech/grasshopper/htmlextentreporter/1.0.0/htmlextentreporter-1.0.0.jar:/home/salhi/.m2/repository/io/github/bonigarcia/webdrivermanager/4.4.3/webdrivermanager-4.4.3.jar:/home/salhi/.m2/repository/org/slf4j/slf4j-api/1.7.30/slf4j-api-1.7.30.jar:/home/salhi/.m2/repository/commons-io/commons-io/2.8.0/commons-io-2.8.0.jar:/home/salhi/.m2/repository/com/google/code/gson/gson/2.8.6/gson-2.8.6.jar:/home/salhi/.m2/repository/org/apache/commons/commons-lang3/3.12.0/commons-lang3-3.12.0.jar:/home/salhi/.m2/repository/org/apache/httpcomponents/client5/httpclient5/5.0.3/httpclient5-5.0.3.jar:/home/salhi/.m2/repository/org/apache/httpcomponents/core5/httpcore5/5.0.2/httpcore5-5.0.2.jar:/home/salhi/.m2/repository/org/apache/httpcomponents/core5/httpcore5-h2/5.0.2/httpcore5-h2-5.0.2.jar:/home/salhi/.m2/repository/commons-codec/commons-codec/1.13/commons-codec-1.13.jar:/home/salhi/.m2/repository/org/rauschig/jarchivelib/1.1.0/jarchivelib-1.1.0.jar:/home/salhi/.m2/repository/org/apache/commons/commons-compress/1.20/commons-compress-1.20.jar:/home/salhi/.m2/repository/org/jsoup/jsoup/1.13.1/jsoup-1.13.1.jar:"/>
    <property name="java.vm.vendor" value="Ubuntu"/>
    <property name="sun.arch.data.model" value="64"/>
    <property name="java.vendor.url" value="https://ubuntu.com/"/>
    <property name="user.timezone" value=""/>
    <property name="java.vm.specification.version" value="11"/>
    <property name="os.name" value="Linux"/>
    <property name="sun.java.launcher" value="SUN_STANDARD"/>
    <property name="user.country" value="GB"/>
    <property name="sun.boot.library.path" value="/usr/lib/jvm/java-11-openjdk-amd64/lib"/>
    <property name="sun.java.command" value="/home/salhi/eclipse-workspace/frameworkSeleniumBDD/target/surefire/surefirebooter-20230930202629745_3.jar /home/salhi/eclipse-workspace/frameworkSeleniumBDD/target/surefire 2023-09-30T20-26-29_646-jvmRun1 surefire-20230930202629745_1tmp surefire_0-20230930202629745_2tmp"/>
    <property name="jdk.debug" value="release"/>
    <property name="surefire.test.class.path" value="/home/salhi/eclipse-workspace/frameworkSeleniumBDD/target/test-classes:/home/salhi/eclipse-workspace/frameworkSeleniumBDD/target/classes:/home/salhi/.m2/repository/junit/junit/4.11/junit-4.11.jar:/home/salhi/.m2/repository/org/hamcrest/hamcrest-core/1.3/hamcrest-core-1.3.jar:/home/salhi/.m2/repository/io/cucumber/cucumber-java/7.2.3/cucumber-java-7.2.3.jar:/home/salhi/.m2/repository/org/apiguardian/apiguardian-api/1.1.2/apiguardian-api-1.1.2.jar:/home/salhi/.m2/repository/io/cucumber/cucumber-junit/7.2.3/cucumber-junit-7.2.3.jar:/home/salhi/.m2/repository/io/cucumber/cucumber-core/7.2.3/cucumber-core-7.2.3.jar:/home/salhi/.m2/repository/io/cucumber/cucumber-gherkin/7.2.3/cucumber-gherkin-7.2.3.jar:/home/salhi/.m2/repository/io/cucumber/cucumber-gherkin-messages/7.2.3/cucumber-gherkin-messages-7.2.3.jar:/home/salhi/.m2/repository/io/cucumber/messages/17.1.1/messages-17.1.1.jar:/home/salhi/.m2/repository/io/cucumber/tag-expressions/4.1.0/tag-expressions-4.1.0.jar:/home/salhi/.m2/repository/io/cucumber/cucumber-expressions/15.0.1/cucumber-expressions-15.0.1.jar:/home/salhi/.m2/repository/io/cucumber/datatable/7.2.3/datatable-7.2.3.jar:/home/salhi/.m2/repository/io/cucumber/cucumber-plugin/7.2.3/cucumber-plugin-7.2.3.jar:/home/salhi/.m2/repository/io/cucumber/docstring/7.2.3/docstring-7.2.3.jar:/home/salhi/.m2/repository/io/cucumber/html-formatter/17.0.0/html-formatter-17.0.0.jar:/home/salhi/.m2/repository/io/cucumber/ci-environment/8.1.0/ci-environment-8.1.0.jar:/home/salhi/.m2/repository/io/cucumber/cucumber-html/0.2.7/cucumber-html-0.2.7.jar:/home/salhi/.m2/repository/io/cucumber/cucumber-jvm-deps/1.0.6/cucumber-jvm-deps-1.0.6.jar:/home/salhi/.m2/repository/org/seleniumhq/selenium/selenium-java/3.141.0/selenium-java-3.141.0.jar:/home/salhi/.m2/repository/org/seleniumhq/selenium/selenium-api/3.141.0/selenium-api-3.141.0.jar:/home/salhi/.m2/repository/org/seleniumhq/selenium/selenium-chrome-driver/3.141.0/selenium-chrome-driver-3.141.0.jar:/home/salhi/.m2/repository/org/seleniumhq/selenium/selenium-edge-driver/3.141.0/selenium-edge-driver-3.141.0.jar:/home/salhi/.m2/repository/org/seleniumhq/selenium/selenium-firefox-driver/3.141.0/selenium-firefox-driver-3.141.0.jar:/home/salhi/.m2/repository/org/seleniumhq/selenium/selenium-ie-driver/3.141.0/selenium-ie-driver-3.141.0.jar:/home/salhi/.m2/repository/org/seleniumhq/selenium/selenium-opera-driver/3.141.0/selenium-opera-driver-3.141.0.jar:/home/salhi/.m2/repository/org/seleniumhq/selenium/selenium-remote-driver/3.141.0/selenium-remote-driver-3.141.0.jar:/home/salhi/.m2/repository/org/seleniumhq/selenium/selenium-safari-driver/3.141.0/selenium-safari-driver-3.141.0.jar:/home/salhi/.m2/repository/org/seleniumhq/selenium/selenium-support/3.141.0/selenium-support-3.141.0.jar:/home/salhi/.m2/repository/net/bytebuddy/byte-buddy/1.8.15/byte-buddy-1.8.15.jar:/home/salhi/.m2/repository/org/apache/commons/commons-exec/1.3/commons-exec-1.3.jar:/home/salhi/.m2/repository/com/google/guava/guava/25.0-jre/guava-25.0-jre.jar:/home/salhi/.m2/repository/com/google/code/findbugs/jsr305/1.3.9/jsr305-1.3.9.jar:/home/salhi/.m2/repository/org/checkerframework/checker-compat-qual/2.0.0/checker-compat-qual-2.0.0.jar:/home/salhi/.m2/repository/com/google/errorprone/error_prone_annotations/2.1.3/error_prone_annotations-2.1.3.jar:/home/salhi/.m2/repository/com/google/j2objc/j2objc-annotations/1.1/j2objc-annotations-1.1.jar:/home/salhi/.m2/repository/org/codehaus/mojo/animal-sniffer-annotations/1.14/animal-sniffer-annotations-1.14.jar:/home/salhi/.m2/repository/com/squareup/okhttp3/okhttp/3.11.0/okhttp-3.11.0.jar:/home/salhi/.m2/repository/com/squareup/okio/okio/1.14.0/okio-1.14.0.jar:/home/salhi/.m2/repository/tech/grasshopper/extentreports-cucumber7-adapter/1.2.0/extentreports-cucumber7-adapter-1.2.0.jar:/home/salhi/.m2/repository/com/aventstack/extentreports/5.0.9/extentreports-5.0.9.jar:/home/salhi/.m2/repository/io/reactivex/rxjava3/rxjava/3.0.4/rxjava-3.0.4.jar:/home/salhi/.m2/repository/org/reactivestreams/reactive-streams/1.0.3/reactive-streams-1.0.3.jar:/home/salhi/.m2/repository/org/freemarker/freemarker/2.3.30/freemarker-2.3.30.jar:/home/salhi/.m2/repository/org/projectlombok/lombok/1.18.12/lombok-1.18.12.jar:/home/salhi/.m2/repository/tech/grasshopper/extent-pdf-report/1.7.4/extent-pdf-report-1.7.4.jar:/home/salhi/.m2/repository/tech/grasshopper/cucumber-pdf-report/2.2.4/cucumber-pdf-report-2.2.4.jar:/home/salhi/.m2/repository/org/apache/pdfbox/pdfbox/2.0.22/pdfbox-2.0.22.jar:/home/salhi/.m2/repository/org/apache/pdfbox/fontbox/2.0.22/fontbox-2.0.22.jar:/home/salhi/.m2/repository/org/knowm/xchart/xchart/3.8.0/xchart-3.8.0.jar:/home/salhi/.m2/repository/de/erichseifert/vectorgraphics2d/VectorGraphics2D/0.13/VectorGraphics2D-0.13.jar:/home/salhi/.m2/repository/de/rototor/pdfbox/graphics2d/0.30/graphics2d-0.30.jar:/home/salhi/.m2/repository/com/madgag/animated-gif-lib/1.4/animated-gif-lib-1.4.jar:/home/salhi/.m2/repository/org/yaml/snakeyaml/1.28/snakeyaml-1.28.jar:/home/salhi/.m2/repository/tech/grasshopper/table-layout/1.2.0/table-layout-1.2.0.jar:/home/salhi/.m2/repository/com/aventstack/klov-reporter/5.0.9/klov-reporter-5.0.9.jar:/home/salhi/.m2/repository/org/mongodb/mongodb-driver/3.6.4/mongodb-driver-3.6.4.jar:/home/salhi/.m2/repository/org/mongodb/mongodb-driver-core/3.6.4/mongodb-driver-core-3.6.4.jar:/home/salhi/.m2/repository/org/mongodb/bson/3.6.4/bson-3.6.4.jar:/home/salhi/.m2/repository/org/apache/httpcomponents/httpclient/4.5.13/httpclient-4.5.13.jar:/home/salhi/.m2/repository/org/apache/httpcomponents/httpcore/4.4.13/httpcore-4.4.13.jar:/home/salhi/.m2/repository/commons-logging/commons-logging/1.2/commons-logging-1.2.jar:/home/salhi/.m2/repository/org/apache/httpcomponents/httpmime/4.5.13/httpmime-4.5.13.jar:/home/salhi/.m2/repository/tech/grasshopper/htmlextentreporter/1.0.0/htmlextentreporter-1.0.0.jar:/home/salhi/.m2/repository/io/github/bonigarcia/webdrivermanager/4.4.3/webdrivermanager-4.4.3.jar:/home/salhi/.m2/repository/org/slf4j/slf4j-api/1.7.30/slf4j-api-1.7.30.jar:/home/salhi/.m2/repository/commons-io/commons-io/2.8.0/commons-io-2.8.0.jar:/home/salhi/.m2/repository/com/google/code/gson/gson/2.8.6/gson-2.8.6.jar:/home/salhi/.m2/repository/org/apache/commons/commons-lang3/3.12.0/commons-lang3-3.12.0.jar:/home/salhi/.m2/repository/org/apache/httpcomponents/client5/httpclient5/5.0.3/httpclient5-5.0.3.jar:/home/salhi/.m2/repository/org/apache/httpcomponents/core5/httpcore5/5.0.2/httpcore5-5.0.2.jar:/home/salhi/.m2/repository/org/apache/httpcomponents/core5/httpcore5-h2/5.0.2/httpcore5-h2-5.0.2.jar:/home/salhi/.m2/repository/commons-codec/commons-codec/1.13/commons-codec-1.13.jar:/home/salhi/.m2/repository/org/rauschig/jarchivelib/1.1.0/jarchivelib-1.1.0.jar:/home/salhi/.m2/repository/org/apache/commons/commons-compress/1.20/commons-compress-1.20.jar:/home/salhi/.m2/repository/org/jsoup/jsoup/1.13.1/jsoup-1.13.1.jar:"/>
    <property name="sun.cpu.endian" value="little"/>
    <property name="user.home" value="/home/salhi"/>
    <property name="user.language" value="en"/>
    <property name="java.specification.vendor" value="Oracle Corporation"/>
    <property name="java.version.date" value="2023-08-24"/>
    <property name="java.home" value="/usr/lib/jvm/java-11-openjdk-amd64"/>
    <property name="file.separator" value="/"/>
    <property name="basedir" value="/home/salhi/eclipse-workspace/frameworkSeleniumBDD"/>
    <property name="java.vm.compressedOopsMode" value="32-bit"/>
    <property name="line.separator" value="&#10;"/>
    <property name="java.specification.name" value="Java Platform API Specification"/>
    <property name="java.vm.specification.vendor" value="Oracle Corporation"/>
    <property name="java.awt.graphicsenv" value="sun.awt.X11GraphicsEnvironment"/>
    <property name="surefire.real.class.path" value="/home/salhi/eclipse-workspace/frameworkSeleniumBDD/target/surefire/surefirebooter-20230930202629745_3.jar"/>
    <property name="sun.management.compiler" value="HotSpot 64-Bit Tiered Compilers"/>
    <property name="java.runtime.version" value="11.0.20.1+1-post-Ubuntu-0ubuntu122.04"/>
    <property name="user.name" value="salhi"/>
    <property name="path.separator" value=":"/>
    <property name="os.version" value="6.2.0-32-generic"/>
    <property name="java.runtime.name" value="OpenJDK Runtime Environment"/>
    <property name="file.encoding" value="UTF-8"/>
    <property name="java.vm.name" value="OpenJDK 64-Bit Server VM"/>
    <property name="localRepository" value="/home/salhi/.m2/repository"/>
    <property name="java.vendor.url.bug" value="https://bugs.launchpad.net/ubuntu/+source/openjdk-lts"/>
    <property name="java.io.tmpdir" value="/tmp"/>
    <property name="java.version" value="11.0.20.1"/>
    <property name="user.dir" value="/home/salhi/eclipse-workspace/frameworkSeleniumBDD"/>
    <property name="os.arch" value="amd64"/>
    <property name="java.vm.specification.name" value="Java Virtual Machine Specification"/>
    <property name="java.awt.printerjob" value="sun.print.PSPrinterJob"/>
    <property name="sun.os.patch.level" value="unknown"/>
    <property name="java.library.path" value="/usr/java/packages/lib:/usr/lib/x86_64-linux-gnu/jni:/lib/x86_64-linux-gnu:/usr/lib/x86_64-linux-gnu:/usr/lib/jni:/lib:/usr/lib"/>
    <property name="java.vm.info" value="mixed mode, sharing"/>
    <property name="java.vendor" value="Ubuntu"/>
    <property name="java.vm.version" value="11.0.20.1+1-post-Ubuntu-0ubuntu122.04"/>
    <property name="java.specification.maintenance.version" value="2"/>
    <property name="sun.io.unicode.encoding" value="UnicodeLittle"/>
    <property name="java.class.version" value="55.0"/>
  </properties>
  <testcase name="Déconnexion réussie de l&apos;espace Amazon" classname="Déconnexion de l&apos;espace Amazon" time="74.344">
    <system-out><![CDATA[
@logout @logoutAmazon
Scenario: Déconnexion réussie de l'espace Amazon                                              # src/spec/features/logout/logout.feature:22
  Given je me connecte sur l'application                                                      # authentification.AuthentificationStepDefinition.jeMeConnecteSurLApplication()
  And j'accepte les cookies                                                                   # authentification.AuthentificationStepDefinition.jAccepteLesCookies()
  When je clique sur identifiez vous                                                          # authentification.AuthentificationStepDefinition.jeCliqueSurIdentifiezVous()
  And je saisi l'email  "qatest207@gmail.com"                                                 # authentification.AuthentificationStepDefinition.jeSaisiLEmail(java.lang.String)
  And je clique sur le bouton Continuer                                                       # authentification.AuthentificationStepDefinition.jeCliqueSurLeBoutonContinuer()
  And je saisi le mot de passe "2015.codeamazon"                                              # authentification.AuthentificationStepDefinition.jeSaisiLeMotDePasse(java.lang.String)
  And je clique sur le bouton S'identifier                                                    # authentification.AuthentificationStepDefinition.jeCliqueSurLeBoutonSIdentifier()
  Then je me redirige vers la page d'accueil de client et "Bonjour TEST" s'affiche            # authentification.AuthentificationStepDefinition.jeMeRedirigeVersLaPageDAccueilDeClientEtSAffiche(java.lang.String)
  When Cliquer sur la liste déroulante « Toutes nos catégories »                              # searchProduct.SearchStepDefinition.cliquerSurLaListeDéroulanteToutesNosCatégories()
  And je sélectionne la catégorie «Jeux et Jouets» depuis le menu déroulant                   # searchProduct.SearchStepDefinition.jeSélectionneLaCatégorieJeuxEtJouetsDepuisLeMenuDéroulant()
  And j'entre "NBA 2K24 PS4" dans la barre de recherche                                       # searchProduct.SearchStepDefinition.jEntreDansLaBarreDeRecherche(java.lang.String)
  And je clique sur le bouton de recherche                                                    # searchProduct.SearchStepDefinition.jeCliqueSurLeBoutonDeRecherche()
  Then Les résultats de recherche devraient s'afficher "NBA 2K24 Édition Black Mamba - PS4"   # searchProduct.SearchStepDefinition.lesRésultatsDeRechercheDevraientSAfficher(java.lang.String)
  When je fais un mouse hoover sur l'icône «Bonjour TEST Comptes et listes»                   # logout.LogoutStepDefinition.jeFaisUnMouseHooverSurLIcôneBonjourTESTComptesEtListes()
  And je clique sur Déconnexion                                                               # logout.LogoutStepDefinition.jeCliqueSurDéconnexion()
  Then je devrais être déconnecté et redirigé vers la page de connexion Amazon "S'identifier" # logout.LogoutStepDefinition.jeDevraisÊtreDéconnectéEtRedirigéVersLaPageDeConnexionAmazon(java.lang.String)
Taking screenshot if the scenario fails
]]></system-out>
    <system-err><![CDATA[Starting ChromeDriver 115.0.5762.4 (25e1634e093f19038c506bd6cb210082d7c2fcd3-refs/branch-heads/5762@{#6}) on port 28913
Only local connections are allowed.
Please see https://chromedriver.chromium.org/security-considerations for suggestions on keeping ChromeDriver safe.
ChromeDriver was started successfully.
Starting ChromeDriver 115.0.5762.4 (25e1634e093f19038c506bd6cb210082d7c2fcd3-refs/branch-heads/5762@{#6}) on port 2021
Only local connections are allowed.
Please see https://chromedriver.chromium.org/security-considerations for suggestions on keeping ChromeDriver safe.
ChromeDriver was started successfully.
Sep 30, 2023 8:26:34 PM org.openqa.selenium.remote.ProtocolHandshake createSession
INFO: Detected dialect: W3C
]]></system-err>
  </testcase>
</testsuite>